0 info it worked if it ends with ok
1 verbose cli [ '/usr/local/Cellar/node/5.6.0/bin/node',
1 verbose cli   '/usr/local/bin/npm',
1 verbose cli   'run',
1 verbose cli   'test' ]
2 info using npm@3.10.8
3 info using node@v5.6.0
4 verbose run-script [ 'pretest', 'test', 'posttest' ]
5 info lifecycle webtools-elm@1.0.0~pretest: webtools-elm@1.0.0
6 silly lifecycle webtools-elm@1.0.0~pretest: no script for pretest, continuing
7 info lifecycle webtools-elm@1.0.0~test: webtools-elm@1.0.0
8 verbose lifecycle webtools-elm@1.0.0~test: unsafe-perm in lifecycle true
9 verbose lifecycle webtools-elm@1.0.0~test: PATH: /usr/local/lib/node_modules/npm/bin/node-gyp-bin:/Users/bill/Projects/elm-redline/node_modules/.bin:/usr/local/Cellar/node/5.6.0/bin:/Users/bill/.rbenv/shims:/Users/bill/.bin:.git/safe/../../bin:/usr/local/sbin:/usr/local/bin:/usr/bin:/bin:/usr/sbin:/sbin:/opt/X11/bin:/Users/bill/context/tex/texmf-osx-64/bin
10 verbose lifecycle webtools-elm@1.0.0~test: CWD: /Users/bill/Projects/elm-redline
11 silly lifecycle webtools-elm@1.0.0~test: Args: [ '-c', 'elm-test' ]
12 silly lifecycle webtools-elm@1.0.0~test: Returned: code: 1  signal: null
13 info lifecycle webtools-elm@1.0.0~test: Failed to exec test script
14 verbose stack Error: webtools-elm@1.0.0 test: `elm-test`
14 verbose stack Exit status 1
14 verbose stack     at EventEmitter.<anonymous> (/usr/local/lib/node_modules/npm/lib/utils/lifecycle.js:255:16)
14 verbose stack     at emitTwo (events.js:100:13)
14 verbose stack     at EventEmitter.emit (events.js:185:7)
14 verbose stack     at ChildProcess.<anonymous> (/usr/local/lib/node_modules/npm/lib/utils/spawn.js:40:14)
14 verbose stack     at emitTwo (events.js:100:13)
14 verbose stack     at ChildProcess.emit (events.js:185:7)
14 verbose stack     at maybeClose (internal/child_process.js:827:16)
14 verbose stack     at Process.ChildProcess._handle.onexit (internal/child_process.js:211:5)
15 verbose pkgid webtools-elm@1.0.0
16 verbose cwd /Users/bill/Projects/elm-redline
17 error Darwin 16.1.0
18 error argv "/usr/local/Cellar/node/5.6.0/bin/node" "/usr/local/bin/npm" "run" "test"
19 error node v5.6.0
20 error npm  v3.10.8
21 error code ELIFECYCLE
22 error webtools-elm@1.0.0 test: `elm-test`
22 error Exit status 1
23 error Failed at the webtools-elm@1.0.0 test script 'elm-test'.
23 error Make sure you have the latest version of node.js and npm installed.
23 error If you do, this is most likely a problem with the webtools-elm package,
23 error not with npm itself.
23 error Tell the author that this fails on your system:
23 error     elm-test
23 error You can get information on how to open an issue for this project with:
23 error     npm bugs webtools-elm
23 error Or if that isn't available, you can get their info via:
23 error     npm owner ls webtools-elm
23 error There is likely additional logging output above.
24 verbose exit [ 1, true ]
